[debug] [2022-10-14T07:16:50.961Z] ----------------------------------------------------------------------
[debug] [2022-10-14T07:16:50.962Z] Command:       C:\Program Files\nodejs\node.exe C:\Users\Alexa\AppData\Roaming\npm\node_modules\firebase-tools\lib\bin\firebase.js init hosting
[debug] [2022-10-14T07:16:50.963Z] CLI Version:   11.2.2
[debug] [2022-10-14T07:16:50.963Z] Platform:      win32
[debug] [2022-10-14T07:16:50.963Z] Node Version:  v16.13.2
[debug] [2022-10-14T07:16:50.963Z] Time:          Fri Oct 14 2022 16:16:50 GMT+0900 (Japan Standard Time)
[debug] [2022-10-14T07:16:50.964Z] ----------------------------------------------------------------------
[debug] 
[debug] [2022-10-14T07:16:51.014Z] > command requires scopes: ["email","openid","https://www.googleapis.com/auth/cloudplatformprojects.readonly","https://www.googleapis.com/auth/firebase","https://www.googleapis.com/auth/cloud-platform"]
[debug] [2022-10-14T07:16:51.015Z] > authorizing via signed-in user (balex3497@gmail.com)
[info] 
     ######## #### ########  ######## ########     ###     ######  ########
     ##        ##  ##     ## ##       ##     ##  ##   ##  ##       ##
     ######    ##  ########  ######   ########  #########  ######  ######
     ##        ##  ##    ##  ##       ##     ## ##     ##       ## ##
     ##       #### ##     ## ######## ########  ##     ##  ######  ########

You're about to initialize a Firebase project in this directory:

  C:\Users\Alexa\CodePersonal\web-scraper

Before we get started, keep in mind:

  * You are initializing within an existing Firebase project directory

[info] 
=== Project Setup
[info] 
[info] First, let's associate this project directory with a Firebase project.
[info] You can create multiple project aliases by running firebase use --add, 
[info] but for now we'll just set up a default project.
[info] 
[debug] [2022-10-14T07:16:54.318Z] Using project from CLI flag: cosplay-radar
[debug] [2022-10-14T07:16:54.320Z] >>> [apiv2][query] GET https://firebase.googleapis.com/v1beta1/projects/cosplay-radar [none]
[debug] [2022-10-14T07:16:54.680Z] <<< [apiv2][status] GET https://firebase.googleapis.com/v1beta1/projects/cosplay-radar 200
[debug] [2022-10-14T07:16:54.680Z] <<< [apiv2][body] GET https://firebase.googleapis.com/v1beta1/projects/cosplay-radar {"projectId":"cosplay-radar","projectNumber":"1057009474912","displayName":"Cosplay Radar","name":"projects/cosplay-radar","resources":{"hostingSite":"cosplay-radar"},"state":"ACTIVE","etag":"1_6bcce24d-b5b2-463e-bee5-293d1ddbca24"}
[info] i  Using project cosplay-radar (Cosplay Radar) 
[info] 
=== Hosting Setup
[info] 
[info] Your public directory is the folder (relative to your project directory) that
[info] will contain Hosting assets to be uploaded with firebase deploy. If you
[info] have a build process for your assets, use your build's output directory.
[info] 
[info] +  Wrote public/404.html 
[debug] [2022-10-14T07:17:08.201Z] >>> [apiv2][query] GET https://www.gstatic.com/firebasejs/releases.json [none]
[debug] [2022-10-14T07:17:08.293Z] <<< [apiv2][status] GET https://www.gstatic.com/firebasejs/releases.json 200
[debug] [2022-10-14T07:17:08.293Z] <<< [apiv2][body] GET https://www.gstatic.com/firebasejs/releases.json {"current":{"version":"9.12.1","browserURL":"https://www.gstatic.com/firebasejs/9.12.1/firebase.js","packageURL":"https://www.gstatic.com/firebasejs/9.12.1/firebase.tgz"},"live":{"version":"9.12","browserURL":"https://www.gstatic.com/firebasejs/live/9.12/firebase.js","packageURL":"https://www.gstatic.com/firebasejs/live/9.12/firebase.tgz"},"components":{"analytics":"https://www.gstatic.com/firebasejs/9.12.1/firebase-analytics.js","app":"https://www.gstatic.com/firebasejs/9.12.1/firebase-app.js","app-check":"https://www.gstatic.com/firebasejs/9.12.1/firebase-app-check.js","auth":"https://www.gstatic.com/firebasejs/9.12.1/firebase-auth.js","auth/cordova":"https://www.gstatic.com/firebasejs/9.12.1/firebase-auth/cordova.js","auth/react-native":"https://www.gstatic.com/firebasejs/9.12.1/firebase-auth/react-native.js","functions":"https://www.gstatic.com/firebasejs/9.12.1/firebase-functions.js","firestore":"https://www.gstatic.com/firebasejs/9.12.1/firebase-firestore.js","firestore/lite":"https://www.gstatic.com/firebasejs/9.12.1/firebase-firestore/lite.js","installations":"https://www.gstatic.com/firebasejs/9.12.1/firebase-installations.js","storage":"https://www.gstatic.com/firebasejs/9.12.1/firebase-storage.js","performance":"https://www.gstatic.com/firebasejs/9.12.1/firebase-performance.js","remote-config":"https://www.gstatic.com/firebasejs/9.12.1/firebase-remote-config.js","messaging":"https://www.gstatic.com/firebasejs/9.12.1/firebase-messaging.js","messaging/sw":"https://www.gstatic.com/firebasejs/9.12.1/firebase-messaging/sw.js","database":"https://www.gstatic.com/firebasejs/9.12.1/firebase-database.js","firestore.memory":"https://www.gstatic.com/firebasejs/9.12.1/firebase-firestore.memory.js"}}
[info] +  Wrote public/index.html 
[info] 
[info] i  Detected a .git folder at C:\Users\Alexa\CodePersonal\web-scraper 
[info] i  Authorizing with GitHub to upload your service account to a GitHub repository's secrets store. 
[info] 
[info] Visit this URL on this device to log in:
[info] https://github.com/login/oauth/authorize?client_id=89cf50f02ac6aaed3484&state=237672453&redirect_uri=http%3A%2F%2Flocalhost%3A9005&scope=read%3Auser%20repo%20public_repo
[info] 
[info] Waiting for authentication...
[debug] [2022-10-14T07:17:09.265Z] >>> [apiv2][query] POST https://github.com/login/oauth/access_token [none]
[debug] [2022-10-14T07:17:09.265Z] >>> [apiv2][body] POST https://github.com/login/oauth/access_token [stream]
[debug] [2022-10-14T07:17:09.606Z] <<< [apiv2][status] POST https://github.com/login/oauth/access_token 200
[debug] [2022-10-14T07:17:09.606Z] <<< [apiv2][body] POST https://github.com/login/oauth/access_token {"access_token":"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","token_type":"bearer","scope":"read:user,repo"}
[debug] [2022-10-14T07:17:09.609Z] >>> [apiv2][query] GET https://api.github.com/user [none]
[debug] [2022-10-14T07:17:09.957Z] <<< [apiv2][status] GET https://api.github.com/user 200
[debug] [2022-10-14T07:17:09.957Z] <<< [apiv2][body] GET https://api.github.com/user {"login":"AlexBrown4020","id":85881218,"node_id":"MDQ6VXNlcjg1ODgxMjE4","avatar_url":"https://avatars.githubusercontent.com/u/85881218?v=4","gravatar_id":"","url":"https://api.github.com/users/AlexBrown4020","html_url":"https://github.com/AlexBrown4020","followers_url":"https://api.github.com/users/AlexBrown4020/followers","following_url":"https://api.github.com/users/AlexBrown4020/following{/other_user}","gists_url":"https://api.github.com/users/AlexBrown4020/gists{/gist_id}","starred_url":"https://api.github.com/users/AlexBrown4020/starred{/owner}{/repo}","subscriptions_url":"https://api.github.com/users/AlexBrown4020/subscriptions","organizations_url":"https://api.github.com/users/AlexBrown4020/orgs","repos_url":"https://api.github.com/users/AlexBrown4020/repos","events_url":"https://api.github.com/users/AlexBrown4020/events{/privacy}","received_events_url":"https://api.github.com/users/AlexBrown4020/received_events","type":"User","site_admin":false,"name":"Alexander Brown","company":null,"blog":"","location":null,"email":"balex3497@gmail.com","hireable":null,"bio":null,"twitter_username":null,"public_repos":17,"public_gists":0,"followers":0,"following":1,"created_at":"2021-06-14T12:34:52Z","updated_at":"2022-10-12T00:47:39Z","private_gists":0,"total_private_repos":37,"owned_private_repos":7,"disk_usage":115567,"collaborators":0,"two_factor_authentication":false,"plan":{"name":"free","space":976562499,"collaborators":0,"private_repos":10000}}
[info] 
[info] +  Success! Logged into GitHub as AlexBrown4020 
[info] 
